0 info it worked if it ends with ok
1 verbose cli [ 'node', '/usr/local/bin/npm', 'install', 'bootstrap' ]
2 info using npm@2.11.3
3 info using node@v0.12.7
4 verbose config Skipping project config: /Users/daniel/.npmrc. (matches userconfig)
5 verbose install initial load of /Users/daniel/package.json
6 verbose installManyTop reading scoped package data from /Users/daniel/node_modules/bootstrap/package.json
7 verbose readDependencies loading dependencies from /Users/daniel/package.json
8 verbose install bootstrap is installed as 3.3.6
9 silly cache add args [ 'bootstrap', null ]
10 verbose cache add spec bootstrap
11 silly cache add parsed spec { raw: 'bootstrap',
11 silly cache add   scope: null,
11 silly cache add   name: 'bootstrap',
11 silly cache add   rawSpec: '',
11 silly cache add   spec: '*',
11 silly cache add   type: 'range' }
12 silly addNamed bootstrap@*
13 verbose addNamed "*" is a valid semver range for bootstrap
14 silly addNameRange { name: 'bootstrap', range: '*', hasData: false }
15 silly mapToRegistry name bootstrap
16 silly mapToRegistry using default registry
17 silly mapToRegistry registry https://registry.npmjs.org/
18 silly mapToRegistry uri https://registry.npmjs.org/bootstrap
19 verbose addNameRange registry:https://registry.npmjs.org/bootstrap not in flight; fetching
20 verbose request uri https://registry.npmjs.org/bootstrap
21 verbose request no auth needed
22 info attempt registry request try #1 at 10:23:23 AM
23 verbose request id 3a5e327c25ef70a9
24 verbose etag "RJXLAQR9G0JAOA64TDTYK7S9"
25 http request GET https://registry.npmjs.org/bootstrap
26 http 304 https://registry.npmjs.org/bootstrap
27 silly get cb [ 304,
27 silly get   { date: 'Tue, 12 Jan 2016 13:24:48 GMT',
27 silly get     via: '1.1 varnish',
27 silly get     'cache-control': 'max-age=300',
27 silly get     etag: '"RJXLAQR9G0JAOA64TDTYK7S9"',
27 silly get     age: '148',
27 silly get     connection: 'keep-alive',
27 silly get     'x-served-by': 'cache-iad2150-IAD',
27 silly get     'x-cache': 'HIT',
27 silly get     'x-cache-hits': '2',
27 silly get     'x-timer': 'S1452605088.964324,VS0,VE0',
27 silly get     vary: 'Accept' } ]
28 verbose etag https://registry.npmjs.org/bootstrap from cache
29 verbose get saving bootstrap to /Users/daniel/.npm/registry.npmjs.org/bootstrap/.cache.json
30 silly addNameRange number 2 { name: 'bootstrap', range: '*', hasData: true }
31 silly addNameRange versions [ 'bootstrap',
31 silly addNameRange   [ '0.0.1',
31 silly addNameRange     '0.0.2',
31 silly addNameRange     '3.1.1',
31 silly addNameRange     '3.2.0',
31 silly addNameRange     '3.3.0',
31 silly addNameRange     '3.3.1',
31 silly addNameRange     '3.3.2',
31 silly addNameRange     '3.3.4',
31 silly addNameRange     '3.3.5',
31 silly addNameRange     '3.3.6',
31 silly addNameRange     '4.0.0-alpha.2' ] ]
32 silly addNamed bootstrap@3.3.6
33 verbose addNamed "3.3.6" is a plain semver version for bootstrap
34 silly cache afterAdd bootstrap@3.3.6
35 verbose afterAdd /Users/daniel/.npm/bootstrap/3.3.6/package/package.json not in flight; writing
36 verbose afterAdd /Users/daniel/.npm/bootstrap/3.3.6/package/package.json written
37 silly install resolved [ { name: 'bootstrap',
37 silly install resolved     description: 'The most popular front-end framework for developing responsive, mobile first projects on the web.',
37 silly install resolved     version: '3.3.6',
37 silly install resolved     keywords:
37 silly install resolved      [ 'css',
37 silly install resolved        'less',
37 silly install resolved        'mobile-first',
37 silly install resolved        'responsive',
37 silly install resolved        'front-end',
37 silly install resolved        'framework',
37 silly install resolved        'web' ],
37 silly install resolved     homepage: 'http://getbootstrap.com',
37 silly install resolved     author: { name: 'Twitter, Inc.' },
37 silly install resolved     scripts: { test: 'grunt test' },
37 silly install resolved     style: 'dist/css/bootstrap.css',
37 silly install resolved     less: 'less/bootstrap.less',
37 silly install resolved     main: './dist/js/npm',
37 silly install resolved     repository:
37 silly install resolved      { type: 'git',
37 silly install resolved        url: 'git+https://github.com/twbs/bootstrap.git' },
37 silly install resolved     bugs: { url: 'https://github.com/twbs/bootstrap/issues' },
37 silly install resolved     license: 'MIT',
37 silly install resolved     devDependencies:
37 silly install resolved      { btoa: '~1.1.2',
37 silly install resolved        glob: '~6.0.1',
37 silly install resolved        grunt: '~0.4.5',
37 silly install resolved        'grunt-autoprefixer': '~3.0.3',
37 silly install resolved        'grunt-contrib-clean': '~0.6.0',
37 silly install resolved        'grunt-contrib-compress': '~0.14.0',
37 silly install resolved        'grunt-contrib-concat': '~0.5.1',
37 silly install resolved        'grunt-contrib-connect': '~0.11.2',
37 silly install resolved        'grunt-contrib-copy': '~0.8.0',
37 silly install resolved        'grunt-contrib-csslint': '~0.5.0',
37 silly install resolved        'grunt-contrib-cssmin': '~0.14.0',
37 silly install resolved        'grunt-contrib-htmlmin': '~0.6.0',
37 silly install resolved        'grunt-contrib-jade': '~0.15.0',
37 silly install resolved        'grunt-contrib-jshint': '~0.11.2',
37 silly install resolved        'grunt-contrib-less': '~1.1.0',
37 silly install resolved        'grunt-contrib-qunit': '~0.7.0',
37 silly install resolved        'grunt-contrib-uglify': '~0.9.2',
37 silly install resolved        'grunt-contrib-watch': '~0.6.1',
37 silly install resolved        'grunt-csscomb': '~3.1.0',
37 silly install resolved        'grunt-exec': '~0.4.6',
37 silly install resolved        'grunt-html': '~5.0.1',
37 silly install resolved        'grunt-jekyll': '~0.4.2',
37 silly install resolved        'grunt-jscs': '~2.3.0',
37 silly install resolved        'grunt-saucelabs': '~8.6.1',
37 silly install resolved        'grunt-sed': 'github:twbs/grunt-sed#v0.2.0',
37 silly install resolved        'load-grunt-tasks': '~3.3.0',
37 silly install resolved        'markdown-it': '^5.0.0',
37 silly install resolved        'npm-shrinkwrap': '^200.4.0',
37 silly install resolved        'time-grunt': '^1.2.1' },
37 silly install resolved     engines: { node: '>=0.10.1' },
37 silly install resolved     files:
37 silly install resolved      [ 'dist',
37 silly install resolved        'fonts',
37 silly install resolved        'grunt',
37 silly install resolved        'js/*.js',
37 silly install resolved        'less/**/*.less',
37 silly install resolved        'Gruntfile.js',
37 silly install resolved        'LICENSE' ],
37 silly install resolved     jspm: { main: 'js/bootstrap', shim: [Object], files: [Object] },
37 silly install resolved     gitHead: '81df608a40bf0629a1dc08e584849bb1e43e0b7a',
37 silly install resolved     _id: 'bootstrap@3.3.6',
37 silly install resolved     _shasum: '8de8f749dc8a743f2ac5b510d988371e3daa6589',
37 silly install resolved     _from: 'bootstrap@*',
37 silly install resolved     _npmVersion: '2.11.3',
37 silly install resolved     _nodeVersion: '0.12.7',
37 silly install resolved     _npmUser: { name: 'twbs', email: 'getbootstrap@gmail.com' },
37 silly install resolved     dist:
37 silly install resolved      { shasum: '8de8f749dc8a743f2ac5b510d988371e3daa6589',
37 silly install resolved        tarball: 'http://registry.npmjs.org/bootstrap/-/bootstrap-3.3.6.tgz' },
37 silly install resolved     maintainers: [ [Object] ],
37 silly install resolved     directories: {},
37 silly install resolved     _resolved: 'https://registry.npmjs.org/bootstrap/-/bootstrap-3.3.6.tgz',
37 silly install resolved     readme: 'ERROR: No README data found!' } ]
38 info install bootstrap@3.3.6 into /Users/daniel
39 info installOne bootstrap@3.3.6
40 verbose installOne of bootstrap to /Users/daniel not in flight; installing
41 warn locking Error: EACCES, open '/Users/daniel/.npm/_locks/bootstrap-9ca2cf40a756f3d1.lock'
41 warn locking     at Error (native)
41 warn locking  /Users/daniel/.npm/_locks/bootstrap-9ca2cf40a756f3d1.lock failed { [Error: EACCES, open '/Users/daniel/.npm/_locks/bootstrap-9ca2cf40a756f3d1.lock']
41 warn locking   errno: -13,
41 warn locking   code: 'EACCES',
41 warn locking   path: '/Users/daniel/.npm/_locks/bootstrap-9ca2cf40a756f3d1.lock' }
42 verbose stack Error: Attempt to unlock /Users/daniel/node_modules/bootstrap, which hasn't been locked
42 verbose stack     at unlock (/usr/local/lib/node_modules/npm/lib/utils/locker.js:66:11)
42 verbose stack     at cb (/usr/local/lib/node_modules/npm/lib/install.js:1017:5)
42 verbose stack     at /usr/local/lib/node_modules/npm/lib/install.js:1021:20
42 verbose stack     at /usr/local/lib/node_modules/npm/lib/utils/locker.js:40:9
42 verbose stack     at cb (/usr/local/lib/node_modules/npm/node_modules/lockfile/lockfile.js:149:38)
42 verbose stack     at /usr/local/lib/node_modules/npm/node_modules/lockfile/lockfile.js:177:38
42 verbose stack     at FSReqWrap.oncomplete (fs.js:95:15)
43 verbose cwd /Users/daniel/Desktop/trydjango19/src
44 error Darwin 14.5.0
45 error argv "node" "/usr/local/bin/npm" "install" "bootstrap"
46 error node v0.12.7
47 error npm  v2.11.3
48 error Attempt to unlock /Users/daniel/node_modules/bootstrap, which hasn't been locked
49 error If you need help, you may report this error at:
49 error     <https://github.com/npm/npm/issues>
50 verbose exit [ 1, true ]
